# 
# Reduction file used                                = reduce1.red 
# Version                                            = 19/12/2005 
# Log file                                           = red_i.log 
# Reduction started at                               = 11 May 2023, 12:54:34.00000 
# Behaviour on facing problems                       = relaxed 
# Cosmic ray cleaning disabled.
# Extraction control                                 = 1 variable optimal 2.0 3.0 10.0 3.0 12.0 20.0 3.0 20.0 40.0 
# Aperture radii                                     = radii taken from extraction lines 
# Aperture reposition mode                           = reference_plus_tweak 
# Aperture positions defined to be stable.
# Aperture search half width                         = 35 
# Aperture search fwhm                               = 14 
# Aperture search max shift                          = 24 
# Aperture tweak half width                          = 20 
# Aperture tweak fwhm                                = 8 
# Aperture tweak max shift                           = 5 
# Aperture positions computed on the fly.
# Profile fitting method                             = moffat 
# Extraction weights                                 = gaussian 
# Default value of FWHM for profile fits             = 8 
# Profile fit half-width                             = 35 
# Symmetric profile fits used.
# Default value of beta exponent for moffat fits     = 3 
# Sigma rejection threshold for profile fits         = 3.6 
# Pepper levels                                      = 925723 523994 471595 
# Saturation levels                                  = 1144578 1144578 1144578 
# No bias subtraction enabled.
# No dark subtraction enabled.
# No flat fielding enabled.
# No bad pixel frame supplied.
# Using constant gain                                = 0.16 
# Using constant readout noise                       = 4.3 
# Sky estimation method                              = clipped_mean 
# Sky error estimation method                        = variance 
# Sky RMS clip threshold                             = 3 
# Name of file list                                  = @ucms_i.txt 
# 
# For each CCD of each frame reduced, the following information is printed:
# 
# name/number mjd flag expose ccd fwhm beta [naper x y xm ym exm eym counts sigma sky nsky nrej worst error_flag]*num_aper
# 
# where 'name/number' is either the file name for ucm file list data or the frame number for data from the .dat files,
# 'mjd' is the Modified Julian Date (UTC) at the centre of the exposure. MJD = JD-2400000.5, no correction for light travel
# etc is made on the basis that the key thing is have a well-understood & correct time. 'flag' is an indication of whether
# the time is thought to be reliable or not (1=OK,0=NOK). 'expose' is the exposure time in seconds. 'ccd' is the ccd number
# (1=red,2=green,3=uv). 'fwhm' is the fitted FWHM, =0 if no fit made. 'beta' is the fitted Moffat exponent, 0 if no Moffat fit is made.
# 'naper' = aperture number, ('x','y') = aperture position actually used, ('xm', 'ym') = the measured aperture position (0,0) for
# invalid and/or linked apertures, ('exm', 'eym') = the 1-sigma uncertainty in the measured aperture position (-1,-1) for invalid
# and/or linked apertures. 'counts' = estimated target counts, 'sigma' = 1-sigma uncertainty. 'sky' = sky background in counts,
# 'nsky' = the number of sky pixels available, 'nrej' = number of sky pixels rejected, 'worst' is the value of the worst bad pixel
# within the star aperture (0 is OK) and 'error_flag' is one of a number of codes with the following possibilities:
# 
# Error code = 0, meaning: All OK
# Error code = 1, meaning: At least one attempt was made to remove a cosmic ray from the star aperture (non-fatal)
# Error code = 2, meaning: Sky annulus overlaps edge of data window (non-fatal)
# Error code = 3, meaning: Sky annulus overlaps edge of data window and at least one cosmic ray was zapped (non-fatal)
# Error code = 4, meaning: Sky < -5: may indicate a bad bias frame which leads to underestimated errors in the photon case (non-fatal).
# Error code = 5, meaning: Counts in at least one pixel of the aperture exceeds peppering level for the CCD (non-fatal)
# Error code = 6, meaning: No sky pixels (non-fatal, although could be bad!)
# Error code = 7, meaning: Aperture has extra apertures but these are ignored for optimal extraction (non-fatal)
# Error code = 8, meaning: Counts in at least one pixel of the aperture exceeds saturation level for the CCD (non-fatal, but bad!)
# Error code = 9, meaning: Aperture lies outside all data windows (fatal)
# Error code = 10, meaning: Target aperture overlaps edge of data window (fatal)
# Error code = 11, meaning: Aperture has been invalidated (fatal)
# Error code = 12, meaning: Blue frame is junk (fatal)
# 
# For the fatal codes, 0. -1 0. 0 will be printed in place of "counts sigma sky nrej"
# The square bracketed section is repeated for each aperture.
# 
rALGd200028_2.ucm 60054.9972453704 1 120.00000 1   4.790   2.358  1 1059.1577 1023.3791 1059.1577 1023.3791  0.0372  0.0372   110021.4  1239.9   3132.96 610    2  0  0  2  889.7427  605.9526  889.7427  605.9526  0.0089  0.0088   780012.5  2636.4   3181.57 605    1  0  0  3 1223.0151 1491.3693 1223.0151 1491.3693  0.0033  0.0033  4038105.5  5800.5   3411.81 606    1  0  0  4 1721.1951 1148.2296 1721.1951 1148.2296  0.0066  0.0067  1224070.8  3251.8   3243.95 609    2  0  0
rALGd200031_2.ucm 60055.0042129629 1 120.00000 1   6.833   2.256  1 1058.9974 1023.0063 1058.9974 1023.0063  0.0713  0.0710   105252.0  2238.5   3132.48  62    0  0  0  2  889.6673  605.6300  889.6673  605.6299  0.0146  0.0144   768257.2  3152.0   3171.38  59    0  0  0  3 1222.9069 1491.0443 1222.9070 1491.0443  0.0051  0.0050  3956917.0  5947.2   3397.89  65    0  0  0  4 1721.0502 1147.9031 1721.0503 1147.9031  0.0107  0.0106  1202556.4  3636.4   3227.99  64    0  0  0
rALGd200034_2.ucm 60055.0110300926 1 120.00000 1   4.496   2.174  1 1058.8779 1023.0016 1058.8779 1023.0016  0.0351  0.0347   104645.2  1175.3   3007.85 680    2  0  0  2  889.5357  605.6084  889.5357  605.6084  0.0088  0.0084   735748.4  2545.5   3068.16 692    2  0  0  3 1222.8499 1491.0203 1222.8499 1491.0203  0.0032  0.0032  3858417.8  5674.5   3289.27 684    4  0  0  4 1720.9203 1147.8346 1720.9203 1147.8346  0.0063  0.0063  1182714.4  3197.8   3119.71 680    0  0  0
rALGd200037_2.ucm 60055.0176388889 1 120.00000 1   4.721   2.363  1 1058.9436 1023.0486 1058.9436 1023.0486  0.0372  0.0371   104218.7  1219.2   2869.75 625    2  0  0  2  889.6054  605.5962  889.6054  605.5962  0.0088  0.0084   782945.4  2642.1   2942.83 630    2  0  0  3 1222.8530 1491.0722 1222.8530 1491.0721  0.0032  0.0033  4020221.2  5779.2   3144.37 624    1  0  0  4 1720.9383 1147.9902 1720.9384 1147.9902  0.0065  0.0066  1217775.9  3244.8   2975.50 623    0  0  0
rALGd200049_2.ucm 60055.0540277778 1 120.00000 1   3.516   2.466  1 1057.6519 1022.7962 1057.6519 1022.7961  0.0253  0.0248    90791.4  1016.6   2633.12 806    3  0  0  2  888.2535  605.3622  888.2535  605.3622  0.0062  0.0056   778054.2  2560.2   2679.55 806    5  0  0  3 1221.5618 1490.8211 1221.5618 1490.8210  0.0024  0.0023  4052917.0  5732.4   2851.54 803    4  0  0  4 1719.5980 1147.7799 1719.5980 1147.7799  0.0045  0.0045  1232857.4  3197.1   2722.18 807    8  0  0
rALGd200052_2.ucm 60055.0609490741 1 120.00000 1   3.544   2.515  1 1057.6390 1022.8037 1057.6390 1022.8038  0.0238  0.0235   101399.4  1056.4   2750.65 806    3  0  0  2  888.2488  605.3842  888.2488  605.3842  0.0061  0.0056   796568.6  2604.2   2806.49 806    1  0  0  3 1221.5745 1490.7930 1221.5746 1490.7930  0.0024  0.0023  4072000.8  5757.4   2976.89 805    1  0  0  4 1719.5751 1147.7404 1719.5751 1147.7404  0.0046  0.0045  1227835.6  3188.6   2846.34 805    2  0  0
rALGd200055_2.ucm 60055.0673842592 1 120.00000 1   4.435   2.457  1 1057.6525 1022.9062 1057.6525 1022.9062  0.0321  0.0317   107401.8  1187.4   2659.19 698    3  0  0  2  888.2122  605.4196  888.2122  605.4196  0.0079  0.0074   796449.8  2640.7   2715.91 701    2  0  0  3 1221.5553 1490.8543 1221.5553 1490.8542  0.0030  0.0030  4060073.5  5791.5   2900.17 699    2  0  0  4 1719.5690 1147.8179 1719.5690 1147.8179  0.0060  0.0059  1220080.1  3209.1   2755.75 701    2  0  0
rALGd200058_2.ucm 60055.0738078704 1 120.00000 1   3.377   2.361  1 1057.4312 1022.9772 1057.4313 1022.9772  0.0262  0.0227   106426.7  1063.7   2739.75 799    0  0  0  2  888.0713  605.5828  888.0714  605.5828  0.0066  0.0060   701802.3  2403.1   2780.62 800    4  0  0  3 1221.3463 1491.0196 1221.3463 1491.0195  0.0024  0.0022  3954305.5  5671.3   2939.46 799    2  0  0  4 1719.3853 1147.9561 1719.3854 1147.9561  0.0046  0.0042  1203786.1  3154.2   2824.80 797    3  0  0
